This is pdfTeX, Version 3.1415926-2.5-1.40.14 (TeX Live 2013/Debian) (format=pdflatex 2015.1.21)  7 MAY 2015 11:41
entering extended mode
 restricted \write18 enabled.
 %&-line parsing enabled.
**sig-alternate.tex
(./sig-alternate.tex
LaTeX2e <2011/06/27>
Babel <3.9h> and hyphenation patterns for 2 languages loaded.
(./sig-alternate.cls
(/usr/share/texlive/texmf-dist/tex/latex/graphics/epsfig.sty
Package: epsfig 1999/02/16 v1.7a (e)psfig emulation (SPQR)

(/usr/share/texlive/texmf-dist/tex/latex/graphics/graphicx.sty
Package: graphicx 1999/02/16 v1.0f Enhanced LaTeX Graphics (DPC,SPQR)

(/usr/share/texlive/texmf-dist/tex/latex/graphics/keyval.sty
Package: keyval 1999/03/16 v1.13 key=value parser (DPC)
\KV@toks@=\toks14
)
(/usr/share/texlive/texmf-dist/tex/latex/graphics/graphics.sty
Package: graphics 2009/02/05 v1.0o Standard LaTeX Graphics (DPC,SPQR)

(/usr/share/texlive/texmf-dist/tex/latex/graphics/trig.sty
Package: trig 1999/03/16 v1.09 sin cos tan (DPC)
)
(/usr/share/texlive/texmf-dist/tex/latex/latexconfig/graphics.cfg
File: graphics.cfg 2010/04/23 v1.9 graphics configuration of TeX Live
)
Package graphics Info: Driver file: pdftex.def on input line 91.

(/usr/share/texlive/texmf-dist/tex/latex/pdftex-def/pdftex.def
File: pdftex.def 2011/05/27 v0.06d Graphics/color for pdfTeX

(/usr/share/texlive/texmf-dist/tex/generic/oberdiek/infwarerr.sty
Package: infwarerr 2010/04/08 v1.3 Providing info/warning/error messages (HO)
)
(/usr/share/texlive/texmf-dist/tex/generic/oberdiek/ltxcmds.sty
Package: ltxcmds 2011/11/09 v1.22 LaTeX kernel commands for general use (HO)
)
\Gread@gobject=\count79
))
\Gin@req@height=\dimen102
\Gin@req@width=\dimen103
)
\epsfxsize=\dimen104
\epsfysize=\dimen105
)
(/usr/share/texlive/texmf-dist/tex/latex/amsfonts/amssymb.sty
Package: amssymb 2013/01/14 v3.01 AMS font symbols

(/usr/share/texlive/texmf-dist/tex/latex/amsfonts/amsfonts.sty
Package: amsfonts 2013/01/14 v3.01 Basic AMSFonts support
\@emptytoks=\toks15
\symAMSa=\mathgroup4
\symAMSb=\mathgroup5
LaTeX Font Info:    Overwriting math alphabet `\mathfrak' in version `bold'
(Font)                  U/euf/m/n --> U/euf/b/n on input line 106.
))
(/usr/share/texlive/texmf-dist/tex/latex/amsmath/amsmath.sty
Package: amsmath 2013/01/14 v2.14 AMS math features
\@mathmargin=\skip41

For additional information on amsmath, use the `?' option.
(/usr/share/texlive/texmf-dist/tex/latex/amsmath/amstext.sty
Package: amstext 2000/06/29 v2.01

(/usr/share/texlive/texmf-dist/tex/latex/amsmath/amsgen.sty
File: amsgen.sty 1999/11/30 v2.0
\@emptytoks=\toks16
\ex@=\dimen106
))
(/usr/share/texlive/texmf-dist/tex/latex/amsmath/amsbsy.sty
Package: amsbsy 1999/11/29 v1.2d
\pmbraise@=\dimen107
)
(/usr/share/texlive/texmf-dist/tex/latex/amsmath/amsopn.sty
Package: amsopn 1999/12/14 v2.01 operator names
)
\inf@bad=\count80
LaTeX Info: Redefining \frac on input line 210.
\uproot@=\count81
\leftroot@=\count82
LaTeX Info: Redefining \overline on input line 306.
\classnum@=\count83
\DOTSCASE@=\count84
LaTeX Info: Redefining \ldots on input line 378.
LaTeX Info: Redefining \dots on input line 381.
LaTeX Info: Redefining \cdots on input line 466.
\Mathstrutbox@=\box26
\strutbox@=\box27
\big@size=\dimen108
LaTeX Font Info:    Redeclaring font encoding OML on input line 566.
LaTeX Font Info:    Redeclaring font encoding OMS on input line 567.
\macc@depth=\count85
\c@MaxMatrixCols=\count86
\dotsspace@=\muskip10
\c@parentequation=\count87
\dspbrk@lvl=\count88
\tag@help=\toks17
\row@=\count89
\column@=\count90
\maxfields@=\count91
\andhelp@=\toks18
\eqnshift@=\dimen109
\alignsep@=\dimen110
\tagshift@=\dimen111
\tagwidth@=\dimen112
\totwidth@=\dimen113
\lineht@=\dimen114
\@envbody=\toks19
\multlinegap=\skip42
\multlinetaggap=\skip43
\mathdisplay@stack=\toks20
LaTeX Info: Redefining \[ on input line 2665.
LaTeX Info: Redefining \] on input line 2666.
)
Document Class 'sig-alternate' <23rd. May '12>. Modified by G.K.M. Tobin/Gerry 
Murray
Based in part upon document Style `acmconf' <22 May 89>. Hacked 4/91 by
shivers@cs.cmu.edu, 4/93 by theobald@cs.mcgill.ca
Excerpts were taken from (Journal Style) 'esub2acm.cls'.
****** Bugs/comments/suggestions/technicalities to Gerry Murray -- murray@hq.ac
m.org ******
Questions on the style, SIGS policies, etc. to Adrienne Griscti griscti@acm.org

\footheight=\dimen115
\@maxsep=\dimen116
\@dblmaxsep=\dimen117
\aucount=\count92
\originalaucount=\count93
\auwidth=\dimen118
\auskip=\dimen119
\auskipcount=\count94
\auskip=\dimen120
\allauboxes=\dimen121
\addauthors=\toks21
\addauflag=\count95
\subtitletext=\toks22
\savesection=\count96
\sectioncntr=\count97
\c@figure=\count98
\c@table=\count99
\titleboxnotes=\toks23
\titleboxnoteflag=\count100
Document Class: sig-alternate 2012/05/23 - V2.5 - based on acmproc.cls V1.3 <No
v. 30 '99>
(/usr/share/texlive/texmf-dist/tex/latex/base/latexsym.sty
Package: latexsym 1998/08/17 v2.2e Standard LaTeX package (lasy symbols)
\symlasy=\mathgroup6
LaTeX Font Info:    Overwriting symbol font `lasy' in version `bold'
(Font)                  U/lasy/m/n --> U/lasy/b/n on input line 47.
)
\@acmtitlebox=\box28
\titlenotecount=\count101
\tntoks=\toks24
\tntokstwo=\toks25
\tntoksthree=\toks26
\tntoksfour=\toks27
\tntoksfive=\toks28
\catcount=\count102
\copyrightnotice=\toks29
\conf=\toks30
\confinfo=\toks31
\c@part=\count103
\c@section=\count104
\c@subsection=\count105
\c@subsubsection=\count106
\c@paragraph=\count107

Using 'Abbrev' bibliography style
LaTeX Info: Redefining \cite on input line 1211.
\bibindent=\dimen122
\colcntr=\count108
\saveb@x=\box29
\copyrtyr=\toks32
\acmcopyr=\toks33
\boilerplate=\toks34
\copyrightetc=\toks35
(/usr/share/texlive/texmf-dist/tex/latex/base/fontenc.sty
Package: fontenc 2005/09/27 v1.99g Standard LaTeX package

(/usr/share/texlive/texmf-dist/tex/latex/base/t1enc.def
File: t1enc.def 2005/09/27 v1.99g Standard LaTeX file
LaTeX Font Info:    Redeclaring font encoding T1 on input line 43.
)
LaTeX Font Info:    Try loading font information for T1+aer on input line 100.

(/usr/share/texlive/texmf-dist/tex/latex/ae/t1aer.fd
File: t1aer.fd 1997/11/16 Font definitions for T1/aer.
)))
(/usr/share/texlive/texmf-dist/tex/latex/multirow/multirow.sty
\bigstrutjot=\dimen123
)
(/usr/share/texlive/texmf-dist/tex/latex/tools/multicol.sty
Package: multicol 2011/06/27 v1.7a multicolumn formatting (FMi)
\c@tracingmulticols=\count109
\mult@box=\box30
\multicol@leftmargin=\dimen124
\c@unbalance=\count110
\c@collectmore=\count111
\doublecol@number=\count112
\multicoltolerance=\count113
\multicolpretolerance=\count114
\full@width=\dimen125
\page@free=\dimen126
\premulticols=\dimen127
\postmulticols=\dimen128
\multicolsep=\skip44
\multicolbaselineskip=\skip45
\partial@page=\box31
\last@line=\box32
\mult@rightbox=\box33
\mult@grightbox=\box34
\mult@gfirstbox=\box35
\mult@firstbox=\box36
\@tempa=\box37
\@tempa=\box38
\@tempa=\box39
\@tempa=\box40
\@tempa=\box41
\@tempa=\box42
\@tempa=\box43
\@tempa=\box44
\@tempa=\box45
\@tempa=\box46
\@tempa=\box47
\@tempa=\box48
\@tempa=\box49
\@tempa=\box50
\@tempa=\box51
\@tempa=\box52
\@tempa=\box53
\c@columnbadness=\count115
\c@finalcolumnbadness=\count116
\last@try=\dimen129
\multicolovershoot=\dimen130
\multicolundershoot=\dimen131
\mult@nat@firstbox=\box54
\colbreak@box=\box55
\multicol@sort@counter=\count117
)
(/usr/share/texlive/texmf-dist/tex/latex/listings/listings.sty
\lst@mode=\count118
\lst@gtempboxa=\box56
\lst@token=\toks36
\lst@length=\count119
\lst@currlwidth=\dimen132
\lst@column=\count120
\lst@pos=\count121
\lst@lostspace=\dimen133
\lst@width=\dimen134
\lst@newlines=\count122
\lst@lineno=\count123
\abovecaptionskip=\skip46
\belowcaptionskip=\skip47
\lst@maxwidth=\dimen135

(/usr/share/texlive/texmf-dist/tex/latex/listings/lstmisc.sty
File: lstmisc.sty 2013/08/26 1.5b (Carsten Heinz)
\c@lstnumber=\count124
\lst@skipnumbers=\count125
\lst@framebox=\box57
)
(/usr/share/texlive/texmf-dist/tex/latex/listings/listings.cfg
File: listings.cfg 2013/08/26 1.5b listings configuration
))
Package: listings 2013/08/26 1.5b (Carsten Heinz)

(/usr/share/texlive/texmf-dist/tex/latex/graphics/color.sty
Package: color 2005/11/14 v1.0j Standard LaTeX Color (DPC)

(/usr/share/texlive/texmf-dist/tex/latex/latexconfig/color.cfg
File: color.cfg 2007/01/18 v1.5 color configuration of teTeX/TeXLive
)
Package color Info: Driver file: pdftex.def on input line 130.
)
(/usr/share/texlive/texmf-dist/tex/latex/hyperref/hyperref.sty
Package: hyperref 2012/11/06 v6.83m Hypertext links for LaTeX

(/usr/share/texlive/texmf-dist/tex/generic/oberdiek/hobsub-hyperref.sty
Package: hobsub-hyperref 2012/05/28 v1.13 Bundle oberdiek, subset hyperref (HO)


(/usr/share/texlive/texmf-dist/tex/generic/oberdiek/hobsub-generic.sty
Package: hobsub-generic 2012/05/28 v1.13 Bundle oberdiek, subset generic (HO)
Package: hobsub 2012/05/28 v1.13 Construct package bundles (HO)
Package hobsub Info: Skipping package `infwarerr' (already loaded).
Package hobsub Info: Skipping package `ltxcmds' (already loaded).
Package: ifluatex 2010/03/01 v1.3 Provides the ifluatex switch (HO)
Package ifluatex Info: LuaTeX not detected.
Package: ifvtex 2010/03/01 v1.5 Detect VTeX and its facilities (HO)
Package ifvtex Info: VTeX not detected.
Package: intcalc 2007/09/27 v1.1 Expandable calculations with integers (HO)
Package: ifpdf 2011/01/30 v2.3 Provides the ifpdf switch (HO)
Package ifpdf Info: pdfTeX in PDF mode is detected.
Package: etexcmds 2011/02/16 v1.5 Avoid name clashes with e-TeX commands (HO)
Package etexcmds Info: Could not find \expanded.
(etexcmds)             That can mean that you are not using pdfTeX 1.50 or
(etexcmds)             that some package has redefined \expanded.
(etexcmds)             In the latter case, load this package earlier.
Package: kvsetkeys 2012/04/25 v1.16 Key value parser (HO)
Package: kvdefinekeys 2011/04/07 v1.3 Define keys (HO)
Package: pdftexcmds 2011/11/29 v0.20 Utility functions of pdfTeX for LuaTeX (HO
)
Package pdftexcmds Info: LuaTeX not detected.
Package pdftexcmds Info: \pdf@primitive is available.
Package pdftexcmds Info: \pdf@ifprimitive is available.
Package pdftexcmds Info: \pdfdraftmode found.
Package: pdfescape 2011/11/25 v1.13 Implements pdfTeX's escape features (HO)
Package: bigintcalc 2012/04/08 v1.3 Expandable calculations on big integers (HO
)
Package: bitset 2011/01/30 v1.1 Handle bit-vector datatype (HO)
Package: uniquecounter 2011/01/30 v1.2 Provide unlimited unique counter (HO)
)
Package hobsub Info: Skipping package `hobsub' (already loaded).
Package: letltxmacro 2010/09/02 v1.4 Let assignment for LaTeX macros (HO)
Package: hopatch 2012/05/28 v1.2 Wrapper for package hooks (HO)
Package: xcolor-patch 2011/01/30 xcolor patch
Package: atveryend 2011/06/30 v1.8 Hooks at the very end of document (HO)
Package atveryend Info: \enddocument detected (standard20110627).
Package: atbegshi 2011/10/05 v1.16 At begin shipout hook (HO)
Package: refcount 2011/10/16 v3.4 Data extraction from label references (HO)
Package: hycolor 2011/01/30 v1.7 Color options for hyperref/bookmark (HO)
)
(/usr/share/texlive/texmf-dist/tex/generic/ifxetex/ifxetex.sty
Package: ifxetex 2010/09/12 v0.6 Provides ifxetex conditional
)
(/usr/share/texlive/texmf-dist/tex/latex/oberdiek/auxhook.sty
Package: auxhook 2011/03/04 v1.3 Hooks for auxiliary files (HO)
)
(/usr/share/texlive/texmf-dist/tex/latex/oberdiek/kvoptions.sty
Package: kvoptions 2011/06/30 v3.11 Key value format for package options (HO)
)
\@linkdim=\dimen136
\Hy@linkcounter=\count126
\Hy@pagecounter=\count127

(/usr/share/texlive/texmf-dist/tex/latex/hyperref/pd1enc.def
File: pd1enc.def 2012/11/06 v6.83m Hyperref: PDFDocEncoding definition (HO)
)
\Hy@SavedSpaceFactor=\count128

(/usr/share/texlive/texmf-dist/tex/latex/latexconfig/hyperref.cfg
File: hyperref.cfg 2002/06/06 v1.2 hyperref configuration of TeXLive
)
Package hyperref Info: Hyper figures OFF on input line 4443.
Package hyperref Info: Link nesting OFF on input line 4448.
Package hyperref Info: Hyper index ON on input line 4451.
Package hyperref Info: Plain pages OFF on input line 4458.
Package hyperref Info: Backreferencing OFF on input line 4463.
Package hyperref Info: Implicit mode ON; LaTeX internals redefined.
Package hyperref Info: Bookmarks ON on input line 4688.
\c@Hy@tempcnt=\count129

(/usr/share/texlive/texmf-dist/tex/latex/url/url.sty
\Urlmuskip=\muskip11
Package: url 2013/09/16  ver 3.4  Verb mode for urls, etc.
)
LaTeX Info: Redefining \url on input line 5041.
\XeTeXLinkMargin=\dimen137
\Fld@menulength=\count130
\Field@Width=\dimen138
\Fld@charsize=\dimen139
Package hyperref Info: Hyper figures OFF on input line 6295.
Package hyperref Info: Link nesting OFF on input line 6300.
Package hyperref Info: Hyper index ON on input line 6303.
Package hyperref Info: backreferencing OFF on input line 6310.
Package hyperref Info: Link coloring OFF on input line 6315.
Package hyperref Info: Link coloring with OCG OFF on input line 6320.
Package hyperref Info: PDF/A mode OFF on input line 6325.
LaTeX Info: Redefining \ref on input line 6365.
LaTeX Info: Redefining \pageref on input line 6369.


Package hyperref Warning: Option `pdfpagelabels' is turned off
(hyperref)                because \thepage is undefined.

\c@Item=\count131
\c@Hfootnote=\count132
)

Package hyperref Message: Driver (autodetected): hpdftex.

(/usr/share/texlive/texmf-dist/tex/latex/hyperref/hpdftex.def
File: hpdftex.def 2012/11/06 v6.83m Hyperref driver for pdfTeX
\Fld@listcount=\count133
\c@bookmark@seq@number=\count134

(/usr/share/texlive/texmf-dist/tex/latex/oberdiek/rerunfilecheck.sty
Package: rerunfilecheck 2011/04/15 v1.7 Rerun checks for auxiliary files (HO)
Package uniquecounter Info: New unique counter `rerunfilecheck' on input line 2
82.
)
\Hy@SectionHShift=\skip48
)
(/usr/share/texlive/texmf-dist/tex/latex/breakurl/breakurl.sty
Package: breakurl 2013/04/10 v1.40 Breakable hyperref URLs

(/usr/share/texlive/texmf-dist/tex/latex/xkeyval/xkeyval.sty
Package: xkeyval 2012/10/14 v2.6b package option processing (HA)

(/usr/share/texlive/texmf-dist/tex/generic/xkeyval/xkeyval.tex
\XKV@toks=\toks37
\XKV@tempa@toks=\toks38
\XKV@depth=\count135
File: xkeyval.tex 2012/10/14 v2.6b key=value parser (HA)
))

Package breakurl Warning: You are using breakurl while processing via pdflatex.

(breakurl)                \burl will be just a synonym of \url.
(breakurl)                 on input line 48.

) (./sig-alternate.aux)
\openout1 = `sig-alternate.aux'.

LaTeX Font Info:    Checking defaults for OML/cmm/m/it on input line 8.
LaTeX Font Info:    ... okay on input line 8.
LaTeX Font Info:    Checking defaults for T1/cmr/m/n on input line 8.
LaTeX Font Info:    ... okay on input line 8.
LaTeX Font Info:    Checking defaults for OT1/cmr/m/n on input line 8.
LaTeX Font Info:    ... okay on input line 8.
LaTeX Font Info:    Checking defaults for OMS/cmsy/m/n on input line 8.
LaTeX Font Info:    ... okay on input line 8.
LaTeX Font Info:    Checking defaults for OMX/cmex/m/n on input line 8.
LaTeX Font Info:    ... okay on input line 8.
LaTeX Font Info:    Checking defaults for U/cmr/m/n on input line 8.
LaTeX Font Info:    ... okay on input line 8.
LaTeX Font Info:    Checking defaults for PD1/pdf/m/n on input line 8.
LaTeX Font Info:    ... okay on input line 8.

(/usr/share/texlive/texmf-dist/tex/context/base/supp-pdf.mkii
[Loading MPS to PDF converter (version 2006.09.02).]
\scratchcounter=\count136
\scratchdimen=\dimen140
\scratchbox=\box58
\nofMPsegments=\count137
\nofMParguments=\count138
\everyMPshowfont=\toks39
\MPscratchCnt=\count139
\MPscratchDim=\dimen141
\MPnumerator=\count140
\makeMPintoPDFobject=\count141
\everyMPtoPDFconversion=\toks40
) (/usr/share/texlive/texmf-dist/tex/latex/oberdiek/epstopdf-base.sty
Package: epstopdf-base 2010/02/09 v2.5 Base part for package epstopdf

(/usr/share/texlive/texmf-dist/tex/latex/oberdiek/grfext.sty
Package: grfext 2010/08/19 v1.1 Manage graphics extensions (HO)
)
Package grfext Info: Graphics extension search list:
(grfext)             [.png,.pdf,.jpg,.mps,.jpeg,.jbig2,.jb2,.PNG,.PDF,.JPG,.JPE
G,.JBIG2,.JB2,.eps]
(grfext)             \AppendGraphicsExtensions on input line 452.

(/usr/share/texlive/texmf-dist/tex/latex/latexconfig/epstopdf-sys.cfg
File: epstopdf-sys.cfg 2010/07/13 v1.3 Configuration of (r)epstopdf for TeX Liv
e
))
\c@lstlisting=\count142
\AtBeginShipoutBox=\box59


Package hyperref Warning: Height of page (\paperheight) is invalid (0.0pt),
(hyperref)                using 11in.

Package hyperref Info: Link coloring OFF on input line 8.
(/usr/share/texlive/texmf-dist/tex/latex/hyperref/nameref.sty
Package: nameref 2012/10/27 v2.43 Cross-referencing by name of section

(/usr/share/texlive/texmf-dist/tex/generic/oberdiek/gettitlestring.sty
Package: gettitlestring 2010/12/03 v1.4 Cleanup title references (HO)
)
\c@section@level=\count143
)
LaTeX Info: Redefining \ref on input line 8.
LaTeX Info: Redefining \pageref on input line 8.
LaTeX Info: Redefining \nameref on input line 8.

(./sig-alternate.out) (./sig-alternate.out)
\@outlinefile=\write3
\openout3 = `sig-alternate.out'.

LaTeX Font Info:    Try loading font information for U+msa on input line 30.

(/usr/share/texlive/texmf-dist/tex/latex/amsfonts/umsa.fd
File: umsa.fd 2013/01/14 v3.01 AMS symbols A
)
LaTeX Font Info:    Try loading font information for U+msb on input line 30.

(/usr/share/texlive/texmf-dist/tex/latex/amsfonts/umsb.fd
File: umsb.fd 2013/01/14 v3.01 AMS symbols B
)
LaTeX Font Info:    Try loading font information for U+lasy on input line 30.

(/usr/share/texlive/texmf-dist/tex/latex/base/ulasy.fd
File: ulasy.fd 1998/08/17 v2.2e LaTeX symbol font definitions
)

LaTeX Warning: Citation `related1' on page \thepage  undefined on input line 42
.


LaTeX Warning: Citation `related1' on page \thepage  undefined on input line 44
.


LaTeX Warning: Citation `related2' on page \thepage  undefined on input line 44
.


LaTeX Warning: Citation `related3' on page \thepage  undefined on input line 44
.


LaTeX Warning: Citation `porple' on page \thepage  undefined on input line 44.


LaTeX Warning: Citation `porple' on page \thepage  undefined on input line 44.


LaTeX Warning: Citation `intro2' on page \thepage  undefined on input line 46.


LaTeX Warning: Citation `ontology1' on page \thepage  undefined on input line 4
6.


LaTeX Warning: Citation `ontology2' on page \thepage  undefined on input line 4
6.


LaTeX Warning: Citation `ontology3' on page \thepage  undefined on input line 4
6.


LaTeX Warning: Citation `ontology4' on page \thepage  undefined on input line 4
6.


LaTeX Warning: Citation `ontology5' on page \thepage  undefined on input line 4
6.


LaTeX Warning: Citation `ontology6' on page \thepage  undefined on input line 4
6.


LaTeX Warning: Citation `work1' on page \thepage  undefined on input line 46.


LaTeX Warning: Citation `work2' on page \thepage  undefined on input line 46.


Underfull \vbox (badness 10000) has occurred while \output is active []

 [1{/var/lib/texmf/fonts/map/pdftex/updmap/pdftex.map}


]

LaTeX Warning: Citation `porple' on page \thepage  undefined on input line 53.


LaTeX Warning: Citation `work1' on page \thepage  undefined on input line 57.


LaTeX Warning: Citation `work2' on page \thepage  undefined on input line 57.


LaTeX Warning: Citation `ontology3' on page \thepage  undefined on input line 5
7.


LaTeX Warning: Citation `ontology4' on page \thepage  undefined on input line 5
7.


LaTeX Warning: Citation `ontology5' on page \thepage  undefined on input line 5
7.

<msl.png, id=77, 1326.9575pt x 282.05376pt>
File: msl.png Graphic file (type png)
 <use msl.png>
Package pdftex.def Info: msl.png used on input line 61.
(pdftex.def)             Requested size: 535.43057pt x 113.81102pt.

Overfull \hbox (31.43057pt too wide) in paragraph at lines 61--62
 [][] 
 []

<dap.png, id=78, 486.81876pt x 237.88875pt>
File: dap.png Graphic file (type png)
 <use dap.png>
Package pdftex.def Info: dap.png used on input line 68.
(pdftex.def)             Requested size: 232.90523pt x 113.81102pt.

<property.png, id=79, 926.46124pt x 956.57375pt>
File: property.png Graphic file (type png)
 <use property.png>
Package pdftex.def Info: property.png used on input line 75.
(pdftex.def)             Requested size: 275.56555pt x 284.52756pt.

Overfull \hbox (4.20853pt too wide) in paragraph at lines 80--80
[]\secfnt CHALLENGE, SO-LU-TION AND LES-SON 
 []


LaTeX Warning: Citation `what1' on page \thepage  undefined on input line 84.

LaTeX Font Info:    Try loading font information for T1+aett on input line 86.
(/usr/share/texlive/texmf-dist/tex/latex/ae/t1aett.fd
File: t1aett.fd 1997/11/16 Font definitions for T1/aett.
)
Overfull \hbox (10.9724pt too wide) in paragraph at lines 86--87
\T1/aer/m/n/9 the GPU ven-dors and types, e.g., M2075, M2075GlobalMemory
 []


LaTeX Warning: Citation `what1' on page \thepage  undefined on input line 88.


LaTeX Warning: Citation `protege' on page \thepage  undefined on input line 93.



Overfull \hbox (63.44124pt too wide) in paragraph at lines 96--97
\T1/aer/m/n/9 also con-sider the GPU ven-dors and types, e.g., M2075, M2075Glob
alMemory
 []

pdfTeX warning (ext4): destination with the same identifier (name{page.}) has b
een already used, duplicate ignored
<to be read again> 
                   \relax 
l.101 \subsection
                 {MSL} [2 <./dap.png>]pdfTeX warning (ext4): destination with t
he same identifier (name{page.}) has been already used, duplicate ignored
<to be read again> 
                   \relax 
l.101 \subsection
                 {MSL} [3 <./msl.png> <./property.png>]
Overfull \hbox (32.20847pt too wide) in paragraph at lines 104--105
\T1/aer/m/n/9 and make the names M2075GlobalMemory, M2075ConstantMemory,
 []


LaTeX Warning: Citation `porple' on page \thepage  undefined on input line 106.



Overfull \hbox (3.49005pt too wide) in paragraph at lines 109--110
[]\T1/aer/m/n/9 ObjectPropertyAssertion. Ob-ject-Prop-ertyAsser-tion al-
 []


Overfull \hbox (2.50963pt too wide) in paragraph at lines 110--111
[]\T1/aer/m/n/9 DataPropertyAssertion. Dat-aProp-ertyAsser-tion al-lows
 []


Overfull \hbox (2.25615pt too wide) in paragraph at lines 110--111
\T1/aer/m/n/9 PerSM, num-berof-Cores-Value, threadsPerBlock and etc. 
 []


LaTeX Warning: Citation `porple' on page \thepage  undefined on input line 116.



LaTeX Warning: Citation `porple' on page \thepage  undefined on input line 125.


<output1.png, id=93, 1119.18124pt x 344.28625pt>
File: output1.png Graphic file (type png)
 <use output1.png>
Package pdftex.def Info: output1.png used on input line 133.
(pdftex.def)             Requested size: 601.18958pt x 184.9429pt.

Overfull \hbox (97.18958pt too wide) in paragraph at lines 133--134
 [][] 
 []

<output2.png, id=94, 1075.01625pt x 286.06876pt>
File: output2.png Graphic file (type png)
 <use output2.png>
Package pdftex.def Info: output2.png used on input line 140.
(pdftex.def)             Requested size: 534.61981pt x 142.26378pt.

Overfull \hbox (30.61981pt too wide) in paragraph at lines 140--141
 [][] 
 []


Overfull \hbox (1.13136pt too wide) in paragraph at lines 156--157
[]\T1/aer/m/n/9 For ex-am-ple, namedIn-di-vid-ual('M2075globalMem') means
 []

! You can't use `macro parameter character #' in horizontal mode.
l.161 ...l(type('http://www.w3.org/2001/XMLSchema#
                                                  integer','8'))) means that...

? 
! You can't use `macro parameter character #' in horizontal mode.
l.162 ...l(type('http://www.w3.org/2001/XMLSchema#
                                                  boolean','true'))) means t...

? 
! You can't use `macro parameter character #' in horizontal mode.
l.166 ...l(type('http://www.w3.org/2001/XMLSchema#
                                                  integer','32'))) means tha...

? 

Overfull \hbox (9.17844pt too wide) in paragraph at lines 160--169
[]\T1/aer/m/n/9 propertyAssertion('consistsOf','M2075','M2075globalMem')
 []


Overfull \hbox (2.61774pt too wide) in paragraph at lines 160--169
\T1/aer/m/n/9 means that M2075globalMem is con-sisted of by M2075. prop-
 []


Overfull \hbox (189.85954pt too wide) in paragraph at lines 160--169
\T1/aer/m/n/9 ertyAsser-tion('hasID','M2075globalMem',literal(type('http://www.
w3.org/2001/XMLSchemainteger','8')))
 []


Overfull \hbox (262.89316pt too wide) in paragraph at lines 160--169
\T1/aer/m/n/9 ertyAsser-tion('softwareManageable','M2075globalMem',literal(type
('http://www.w3.org/2001/XMLSchemaboolean','true')))
 []


Overfull \hbox (14.67722pt too wide) in paragraph at lines 160--169
\T1/aer/m/n/9 ertyAsser-tion('accessible','M2075globalMem',literal(rw)) means
 []


Overfull \hbox (22.48021pt too wide) in paragraph at lines 160--169
\T1/aer/m/n/9 ertyAsser-tion('hasSizeValue','M2075globalMem',literal('5375M'))
 []


Overfull \hbox (130.48705pt too wide) in paragraph at lines 160--169
\T1/aer/m/n/9 has a size of 128B. prop-ertyAsser-tion('hasBlockSizeValue','M207
5globalMem',literal('128B'))
 []


Overfull \hbox (226.28166pt too wide) in paragraph at lines 160--169
\T1/aer/m/n/9 ertyAsser-tion('threadsGroup','M2075globalMem',literal(type('http
://www.w3.org/2001/XMLSchemainteger','32')))
 []


Overfull \hbox (37.23982pt too wide) in paragraph at lines 160--169
\T1/aer/m/n/9 ertyAsser-tion('hasLatencyValue','M2075globalMem',literal('600clk
'))
 []


Overfull \hbox (10.24948pt too wide) in paragraph at lines 160--169
\T1/aer/m/n/9 ertyAsser-tion('hasUpperLevel','M2075globalMem','L2') means
 []

! You can't use `macro parameter character #' in horizontal mode.
l.184 ...l(type('http://www.w3.org/2001/XMLSchema#
                                                  integer','64'))) means tha...

? 
! You can't use `macro parameter character #' in horizontal mode.
l.185 ...l(type('http://www.w3.org/2001/XMLSchema#
                                                  integer','0'))) means that...

? 
! You can't use `macro parameter character #' in horizontal mode.
l.186 ...l(type('http://www.w3.org/2001/XMLSchema#
                                                  integer','0'))) means that...

? 
! You can't use `macro parameter character #' in horizontal mode.
l.187 ...l(type('http://www.w3.org/2001/XMLSchema#
                                                  integer','64'))) means tha...

? 

Overfull \hbox (232.21265pt too wide) in paragraph at lines 184--188
[]\T1/aer/m/n/9 propertyAssertion('MemoryAccessTime','global',literal(type('htt
p://www.w3.org/2001/XMLSchemainteger','64')))
 []


Overfull \hbox (128.82237pt too wide) in paragraph at lines 184--188
\T1/aer/m/n/9 tion('L1CacheHit','global',literal(type('http://www.w3.org/2001/X
MLSchemainteger','0')))
 []


Overfull \hbox (300.56587pt too wide) in paragraph at lines 184--188
\T1/aer/m/n/9 means that L1 cache hit is 0. prop-ertyAsser-tion('L2CacheHit','g
lobal',literal(type('http://www.w3.org/2001/XMLSchemainteger','0')))
 []


Overfull \hbox (385.52464pt too wide) in paragraph at lines 184--188
\T1/aer/m/n/9 means that L2 cache hit is 0 too. prop-ertyAsser-tion('OffChipMem
oryAccessTime','global',literal(type('http://www.w3.org/2001/XMLSchemainteger',
'64')))
 []

pdfTeX warning (ext4): destination with the same identifier (name{page.}) has b
een already used, duplicate ignored
<to be read again> 
                   \relax 
l.191 
       [4]pdfTeX warning (ext4): destination with the same identifier (name{pag
e.}) has been already used, duplicate ignored
<to be read again> 
                   \relax 
l.191 
       [5 <./output1.png> <./output2.png>]
Overfull \hbox (13.54999pt too wide) in paragraph at lines 192--193
\T1/aer/m/n/9 re-place-ment de-ci-sions more ef-fi-cient, in-ter-op-er-a-ble an
d reusable.
 []

(./sig-alternate.bbl)
Package atveryend Info: Empty hook `BeforeClearDocument' on input line 202.
pdfTeX warning (ext4): destination with the same identifier (name{page.}) has b
een already used, duplicate ignored
<to be read again> 
                   \relax 
l.202 \end{document}
                     [6]
Package atveryend Info: Empty hook `AfterLastShipout' on input line 202.
 (./sig-alternate.aux)
Package atveryend Info: Empty hook `AtVeryEndDocument' on input line 202.
Package atveryend Info: Executing hook `AtEndAfterFileList' on input line 202.


Package rerunfilecheck Warning: File `sig-alternate.out' has changed.
(rerunfilecheck)                Rerun to get outlines right
(rerunfilecheck)                or use package `bookmark'.

Package rerunfilecheck Info: Checksums for `sig-alternate.out':
(rerunfilecheck)             Before: 1BF78F99C5E286A7DAD1C5F25AF8B6E4;832
(rerunfilecheck)             After:  99A70DCD54B8E1D2F759C769C30DD3B6;878.

LaTeX Warning: Label(s) may have changed. Rerun to get cross-references right.

Package atveryend Info: Empty hook `AtVeryVeryEnd' on input line 202.
 ) 
Here is how much of TeX's memory you used:
 7940 strings out of 495028
 112858 string characters out of 6181497
 207139 words of memory out of 5000000
 10973 multiletter control sequences out of 15000+600000
 51171 words of font info for 69 fonts, out of 8000000 for 9000
 14 hyphenation exceptions out of 8191
 41i,11n,35p,1146b,337s stack positions out of 5000i,500n,10000p,200000b,80000s
{/usr/share/texlive/texmf-dist/fonts/enc/dvips/base/8r.enc}</usr/share/texliv
e/texmf-dist/fonts/type1/public/amsfonts/cm/cmbx9.pfb></usr/share/texlive/texmf
-dist/fonts/type1/public/amsfonts/cm/cmr9.pfb></usr/share/texlive/texmf-dist/fo
nts/type1/public/amsfonts/cm/cmsy9.pfb></usr/share/texlive/texmf-dist/fonts/typ
e1/public/amsfonts/cm/cmti9.pfb></usr/share/texlive/texmf-dist/fonts/type1/publ
ic/amsfonts/cm/cmtt9.pfb></usr/share/texlive/texmf-dist/fonts/type1/urw/helveti
c/uhvb8a.pfb></usr/share/texlive/texmf-dist/fonts/type1/urw/helvetic/uhvr8a.pfb
></usr/share/texlive/texmf-dist/fonts/type1/urw/times/utmb8a.pfb></usr/share/te
xlive/texmf-dist/fonts/type1/urw/times/utmr8a.pfb></usr/share/texlive/texmf-dis
t/fonts/type1/urw/times/utmri8a.pfb>
Output written on sig-alternate.pdf (6 pages, 818838 bytes).
PDF statistics:
 176 PDF objects out of 1000 (max. 8388607)
 151 compressed objects within 2 object streams
 40 named destinations out of 1000 (max. 500000)
 138 words of extra memory for PDF output out of 10000 (max. 10000000)

